<?xml version="1.0" encoding="UTF-8"?>
<testng-results ignored="0" total="2" passed="2" failed="0" skipped="0">
  <reporter-output>
  </reporter-output>
  <suite started-at="2024-04-02T08:51:40Z" name="Suite" finished-at="2024-04-02T08:52:17Z" duration-ms="36151">
    <groups>
    </groups>
    <test started-at="2024-04-02T08:51:40Z" name="Test" finished-at="2024-04-02T08:52:17Z" duration-ms="36151">
      <class name="tests.CrickInfoTest">
        <test-method is-config="true" signature="setUp()[pri:0, instance:tests.CrickInfoTest@7e5c856f]" started-at="2024-04-02T08:51:40Z" name="setUp" finished-at="2024-04-02T08:51:48Z" duration-ms="7746" status="PASS">
          <reporter-output>
          </reporter-output>
        </test-method> <!-- setUp -->
        <test-method signature="firstIndianPlayer()[pri:0, instance:tests.CrickInfoTest@7e5c856f]" started-at="2024-04-02T08:51:48Z" name="firstIndianPlayer" finished-at="2024-04-02T08:52:02Z" duration-ms="13587" status="PASS">
          <reporter-output>
          </reporter-output>
        </test-method> <!-- firstIndianPlayer -->
        <test-method signature="firstNZPlayer()[pri:0, instance:tests.CrickInfoTest@7e5c856f]" started-at="2024-04-02T08:52:02Z" name="firstNZPlayer" finished-at="2024-04-02T08:52:16Z" duration-ms="14511" status="PASS">
          <reporter-output>
          </reporter-output>
        </test-method> <!-- firstNZPlayer -->
        <test-method is-config="true" signature="closeBrowser()[pri:0, instance:tests.CrickInfoTest@7e5c856f]" started-at="2024-04-02T08:52:16Z" name="closeBrowser" finished-at="2024-04-02T08:52:17Z" duration-ms="291" status="PASS">
          <reporter-output>
          </reporter-output>
        </test-method> <!-- closeBrowser -->
      </class> <!-- tests.CrickInfoTest -->
    </test> <!-- Test -->
  </suite> <!-- Suite -->
</testng-results>
